<?xml version="1.0" encoding="UTF-8"?>
<testng-results ignored="0" total="1" passed="1" failed="0" skipped="0">
  <reporter-output>
  </reporter-output>
  <suite started-at="2022-09-19T10:09:12 IST" name="Default suite" finished-at="2022-09-19T10:09:19 IST" duration-ms="7730">
    <groups>
    </groups>
    <test started-at="2022-09-19T10:09:12 IST" name="Default test" finished-at="2022-09-19T10:09:19 IST" duration-ms="7730">
      <class name="mobile_1.ordertesting$order">
        <test-method signature="register()[pri:0, instance:mobile_1.ordertesting$order@932bc4a]" started-at="2022-09-19T10:09:12 IST" name="register" finished-at="2022-09-19T10:09:19 IST" duration-ms="7686" status="PASS">
          <reporter-output>
          </reporter-output>
        </test-method> <!-- register -->
      </class> <!-- mobile_1.ordertesting$order -->
    </test> <!-- Default test -->
  </suite> <!-- Default suite -->
</testng-results>
